
Showing logs for build [32mcb-kubecd-environment-pr-156-25-zqdff-1[0m stage [32mfrom-build-pack[0m and container [32mstep-credential-initializer-zv4wk[0m
{"level":"warn","ts":1580215920.8021235,"logger":"fallback-logger","caller":"logging/config.go:69","msg":"Fetch GitHub commit ID from kodata failed: \"ref: refs/heads/0.8.0-**-support-backwards-incompats\" is not a valid GitHub commit ID"}
{"level":"info","ts":1580215920.802748,"logger":"fallback-logger","caller":"creds-init/main.go:40","msg":"Credentials initialized."}

Showing logs for build [32mcb-kubecd-environment-pr-156-25-zqdff-1[0m stage [32mfrom-build-pack[0m and container [32mstep-working-dir-initializer-bdjmp[0m
{"level":"warn","ts":1580215921.639261,"logger":"fallback-logger","caller":"logging/config.go:69","msg":"Fetch GitHub commit ID from kodata failed: open /var/run/ko/HEAD: no such file or directory"}
{"level":"info","ts":1580215921.644141,"logger":"fallback-logger","caller":"bash/main.go:64","msg":"Successfully executed command \"sh -c mkdir -p /workspace/source\"; output "}

Showing logs for build [32mcb-kubecd-environment-pr-156-25-zqdff-1[0m stage [32mfrom-build-pack[0m and container [32mstep-place-tools[0m

Showing logs for build [32mcb-kubecd-environment-pr-156-25-zqdff-1[0m stage [32mfrom-build-pack[0m and container [32mstep-git-source-cb-kubecd-environment-pr-156-25-rz4rp[0m
{"level":"warn","ts":1580215926.663899,"logger":"fallback-logger","caller":"logging/config.go:69","msg":"Fetch GitHub commit ID from kodata failed: \"ref: refs/heads/0.8.0-**-support-backwards-incompats\" is not a valid GitHub commit ID"}
{"level":"info","ts":1580215927.721375,"logger":"fallback-logger","caller":"git/git.go:103","msg":"Successfully cloned https://github.com/cb-kubecd/environment-pr-156-25-boot-gke-staging.git @ master in path /workspace/source"}

Showing logs for build [32mcb-kubecd-environment-pr-156-25-zqdff-1[0m stage [32mfrom-build-pack[0m and container [32mstep-git-merge[0m
Using SHAs from PULL_REFS=master:451a54935217a94b27e2e9b31d414c8e3c0df17a,2:02afc409393c6044b192a9566855b4c5b2bd3e91
DEBUG: LC_ALL=C JX_LOG_LEVEL=error git fetch origin --unshallow 02afc409393c6044b192a9566855b4c5b2bd3e91: 451a54935217a94b27e2e9b31d414c8e3c0df17a:
DEBUG: ran git fetch --unshallow origin 02afc409393c6044b192a9566855b4c5b2bd3e91: 451a54935217a94b27e2e9b31d414c8e3c0df17a: in 
DEBUG: LC_ALL=C JX_LOG_LEVEL=error git branch
DEBUG: LC_ALL=C JX_LOG_LEVEL=error git checkout master
DEBUG: ran git checkout master in 
DEBUG: LC_ALL=C JX_LOG_LEVEL=error git reset --hard 451a54935217a94b27e2e9b31d414c8e3c0df17a
DEBUG: ran git reset --hard 451a54935217a94b27e2e9b31d414c8e3c0df17a in 
DEBUG: JX_LOG_LEVEL=error LC_ALL=C git clean -fd .
DEBUG: ran clean --force -d . in 
DEBUG: LC_ALL=C JX_LOG_LEVEL=error git merge 02afc409393c6044b192a9566855b4c5b2bd3e91
DEBUG: ran git merge 02afc409393c6044b192a9566855b4c5b2bd3e91 in 
DEBUG: LC_ALL=C JX_LOG_LEVEL=error git log --format=%H%x1f%an%x1f%ae%x1f%cn%x1f%ce%x1f%s%n%b%x1e 451a54935217a94b27e2e9b31d414c8e3c0df17a..HEAD
Merged SHA 02afc409393c6044b192a9566855b4c5b2bd3e91 with commit message 'chore: Promote bdd-sbhg-1580215521 to version 0.0.1' into base branch master

Showing logs for build [32mcb-kubecd-environment-pr-156-25-zqdff-1[0m stage [32mfrom-build-pack[0m and container [32mstep-build-helm-build[0m
WARNING: No $CHART_REPOSITORY defined so using the default value of: http://jenkins-x-chartmuseum:8080
Adding missing Helm repo: storage.googleapis.com https://storage.googleapis.com/chartmuseum.jenkins-x.io
WARNING: No secrets found on "helm/repos" due: reading the secret "helm/repos" from vault: no secret "helm/repos" not found in vault
Read credentials for https://storage.googleapis.com/chartmuseum.jenkins-x.io from vault helm/repos
Successfully added Helm repository storage.googleapis.com.
Adding missing Helm repo: jenkins-x-chartmuseum http://jenkins-x-chartmuseum:8080
WARNING: No secrets found on "helm/repos" due: reading the secret "helm/repos" from vault: no secret "helm/repos" not found in vault
Read credentials for http://jenkins-x-chartmuseum:8080 from vault helm/repos
Successfully added Helm repository jenkins-x-chartmuseum.
WARNING: No $CHART_REPOSITORY defined so using the default value of: http://jenkins-x-chartmuseum:8080
Adding missing Helm repo: chartmuseum.jenkins-x.io http://chartmuseum.jenkins-x.io
WARNING: No secrets found on "helm/repos" due: reading the secret "helm/repos" from vault: no secret "helm/repos" not found in vault
Read credentials for http://chartmuseum.jenkins-x.io from vault helm/repos
Successfully added Helm repository chartmuseum.jenkins-x.io.
